{"C:\\Users\\gusta\\Documents\\Desenvolvimento Web\\06 - Metodologias Ágeis\\Tarefa\\index.js": {"path":"C:\\Users\\gusta\\Documents\\Desenvolvimento Web\\06 - Metodologias Ágeis\\Tarefa\\index.js","statementMap":{"0":{"start":{"line":1,"column":16},"end":{"line":1,"column":34}},"1":{"start":{"line":2,"column":11},"end":{"line":2,"column":26}},"2":{"start":{"line":4,"column":12},"end":{"line":4,"column":21}},"3":{"start":{"line":5,"column":15},"end":{"line":5,"column":31}},"4":{"start":{"line":7,"column":0},"end":{"line":7,"column":16}},"5":{"start":{"line":8,"column":0},"end":{"line":8,"column":24}},"6":{"start":{"line":9,"column":0},"end":{"line":9,"column":16}},"7":{"start":{"line":11,"column":0},"end":{"line":13,"column":3}},"8":{"start":{"line":12,"column":2},"end":{"line":12,"column":41}},"9":{"start":{"line":15,"column":17},"end":{"line":15,"column":63}},"10":{"start":{"line":16,"column":0},"end":{"line":16,"column":33}},"11":{"start":{"line":19,"column":13},"end":{"line":19,"column":37}},"12":{"start":{"line":20,"column":0},"end":{"line":20,"column":70}},"13":{"start":{"line":20,"column":23},"end":{"line":20,"column":68}},"14":{"start":{"line":22,"column":0},"end":{"line":22,"column":24}}},"fnMap":{"0":{"name":"(anonymous_0)","decl":{"start":{"line":11,"column":31},"end":{"line":11,"column":32}},"loc":{"start":{"line":11,"column":45},"end":{"line":13,"column":1}},"line":11},"1":{"name":"(anonymous_1)","decl":{"start":{"line":20,"column":17},"end":{"line":20,"column":18}},"loc":{"start":{"line":20,"column":23},"end":{"line":20,"column":68}},"line":20}},"branchMap":{"0":{"loc":{"start":{"line":19,"column":13},"end":{"line":19,"column":37}},"type":"binary-expr","locations":[{"start":{"line":19,"column":13},"end":{"line":19,"column":29}},{"start":{"line":19,"column":33},"end":{"line":19,"column":37}}],"line":19}},"s":{"0":1,"1":1,"2":1,"3":1,"4":1,"5":1,"6":1,"7":1,"8":1,"9":1,"10":1,"11":1,"12":1,"13":1,"14":1},"f":{"0":1,"1":1},"b":{"0":[1,1]},"_coverageSchema":"1a1c01bbd47fc00a2c39e90264f33305004495a9","hash":"c8746f5ae88619d82f6a0edbab9d193aeb57eed2"}
,"C:\\Users\\gusta\\Documents\\Desenvolvimento Web\\06 - Metodologias Ágeis\\Tarefa\\controller\\usuario\\controller-usuario.js": {"path":"C:\\Users\\gusta\\Documents\\Desenvolvimento Web\\06 - Metodologias Ágeis\\Tarefa\\controller\\usuario\\controller-usuario.js","statementMap":{"0":{"start":{"line":1,"column":0},"end":{"line":92,"column":1}},"1":{"start":{"line":2,"column":23},"end":{"line":2,"column":25}},"2":{"start":{"line":3,"column":21},"end":{"line":3,"column":23}},"3":{"start":{"line":5,"column":4},"end":{"line":7,"column":6}},"4":{"start":{"line":6,"column":8},"end":{"line":6,"column":39}},"5":{"start":{"line":9,"column":4},"end":{"line":83,"column":6}},"6":{"start":{"line":10,"column":24},"end":{"line":10,"column":32}},"7":{"start":{"line":14,"column":8},"end":{"line":17,"column":9}},"8":{"start":{"line":15,"column":12},"end":{"line":15,"column":65}},"9":{"start":{"line":16,"column":12},"end":{"line":16,"column":19}},"10":{"start":{"line":19,"column":8},"end":{"line":22,"column":9}},"11":{"start":{"line":20,"column":12},"end":{"line":20,"column":87}},"12":{"start":{"line":21,"column":12},"end":{"line":21,"column":19}},"13":{"start":{"line":24,"column":8},"end":{"line":27,"column":9}},"14":{"start":{"line":25,"column":12},"end":{"line":25,"column":84}},"15":{"start":{"line":26,"column":12},"end":{"line":26,"column":19}},"16":{"start":{"line":29,"column":36},"end":{"line":29,"column":83}},"17":{"start":{"line":30,"column":8},"end":{"line":33,"column":9}},"18":{"start":{"line":31,"column":12},"end":{"line":31,"column":87}},"19":{"start":{"line":32,"column":12},"end":{"line":32,"column":19}},"20":{"start":{"line":37,"column":8},"end":{"line":40,"column":9}},"21":{"start":{"line":38,"column":12},"end":{"line":38,"column":66}},"22":{"start":{"line":39,"column":12},"end":{"line":39,"column":19}},"23":{"start":{"line":42,"column":8},"end":{"line":49,"column":9}},"24":{"start":{"line":47,"column":12},"end":{"line":47,"column":120}},"25":{"start":{"line":48,"column":12},"end":{"line":48,"column":19}},"26":{"start":{"line":53,"column":8},"end":{"line":56,"column":9}},"27":{"start":{"line":54,"column":12},"end":{"line":54,"column":79}},"28":{"start":{"line":55,"column":12},"end":{"line":55,"column":19}},"29":{"start":{"line":58,"column":24},"end":{"line":58,"column":31}},"30":{"start":{"line":59,"column":8},"end":{"line":62,"column":9}},"31":{"start":{"line":60,"column":12},"end":{"line":60,"column":92}},"32":{"start":{"line":61,"column":12},"end":{"line":61,"column":19}},"33":{"start":{"line":64,"column":8},"end":{"line":67,"column":9}},"34":{"start":{"line":65,"column":12},"end":{"line":65,"column":93}},"35":{"start":{"line":66,"column":12},"end":{"line":66,"column":19}},"36":{"start":{"line":71,"column":8},"end":{"line":74,"column":9}},"37":{"start":{"line":72,"column":12},"end":{"line":72,"column":71}},"38":{"start":{"line":73,"column":12},"end":{"line":73,"column":19}},"39":{"start":{"line":76,"column":8},"end":{"line":79,"column":9}},"40":{"start":{"line":77,"column":12},"end":{"line":77,"column":108}},"41":{"start":{"line":78,"column":12},"end":{"line":78,"column":19}},"42":{"start":{"line":81,"column":8},"end":{"line":81,"column":30}},"43":{"start":{"line":82,"column":8},"end":{"line":82,"column":38}},"44":{"start":{"line":85,"column":4},"end":{"line":89,"column":6}},"45":{"start":{"line":86,"column":24},"end":{"line":86,"column":32}},"46":{"start":{"line":87,"column":8},"end":{"line":87,"column":29}},"47":{"start":{"line":88,"column":8},"end":{"line":88,"column":38}},"48":{"start":{"line":91,"column":4},"end":{"line":91,"column":22}}},"fnMap":{"0":{"name":"(anonymous_0)","decl":{"start":{"line":1,"column":17},"end":{"line":1,"column":18}},"loc":{"start":{"line":1,"column":23},"end":{"line":92,"column":1}},"line":1},"1":{"name":"(anonymous_1)","decl":{"start":{"line":5,"column":24},"end":{"line":5,"column":25}},"loc":{"start":{"line":5,"column":38},"end":{"line":7,"column":5}},"line":5},"2":{"name":"(anonymous_2)","decl":{"start":{"line":9,"column":24},"end":{"line":9,"column":25}},"loc":{"start":{"line":9,"column":38},"end":{"line":83,"column":5}},"line":9},"3":{"name":"(anonymous_3)","decl":{"start":{"line":85,"column":25},"end":{"line":85,"column":26}},"loc":{"start":{"line":85,"column":39},"end":{"line":89,"column":5}},"line":85}},"branchMap":{"0":{"loc":{"start":{"line":14,"column":8},"end":{"line":17,"column":9}},"type":"if","locations":[{"start":{"line":14,"column":8},"end":{"line":17,"column":9}},{"start":{},"end":{}}],"line":14},"1":{"loc":{"start":{"line":14,"column":12},"end":{"line":14,"column":54}},"type":"binary-expr","locations":[{"start":{"line":14,"column":12},"end":{"line":14,"column":32}},{"start":{"line":14,"column":36},"end":{"line":14,"column":54}}],"line":14},"2":{"loc":{"start":{"line":19,"column":8},"end":{"line":22,"column":9}},"type":"if","locations":[{"start":{"line":19,"column":8},"end":{"line":22,"column":9}},{"start":{},"end":{}}],"line":19},"3":{"loc":{"start":{"line":24,"column":8},"end":{"line":27,"column":9}},"type":"if","locations":[{"start":{"line":24,"column":8},"end":{"line":27,"column":9}},{"start":{},"end":{}}],"line":24},"4":{"loc":{"start":{"line":30,"column":8},"end":{"line":33,"column":9}},"type":"if","locations":[{"start":{"line":30,"column":8},"end":{"line":33,"column":9}},{"start":{},"end":{}}],"line":30},"5":{"loc":{"start":{"line":37,"column":8},"end":{"line":40,"column":9}},"type":"if","locations":[{"start":{"line":37,"column":8},"end":{"line":40,"column":9}},{"start":{},"end":{}}],"line":37},"6":{"loc":{"start":{"line":37,"column":12},"end":{"line":37,"column":56}},"type":"binary-expr","locations":[{"start":{"line":37,"column":12},"end":{"line":37,"column":33}},{"start":{"line":37,"column":37},"end":{"line":37,"column":56}}],"line":37},"7":{"loc":{"start":{"line":42,"column":8},"end":{"line":49,"column":9}},"type":"if","locations":[{"start":{"line":42,"column":8},"end":{"line":49,"column":9}},{"start":{},"end":{}}],"line":42},"8":{"loc":{"start":{"line":42,"column":12},"end":{"line":46,"column":52}},"type":"binary-expr","locations":[{"start":{"line":42,"column":12},"end":{"line":42,"column":49}},{"start":{"line":43,"column":12},"end":{"line":43,"column":51}},{"start":{"line":44,"column":12},"end":{"line":44,"column":51}},{"start":{"line":45,"column":12},"end":{"line":45,"column":49}},{"start":{"line":46,"column":12},"end":{"line":46,"column":52}}],"line":42},"9":{"loc":{"start":{"line":53,"column":8},"end":{"line":56,"column":9}},"type":"if","locations":[{"start":{"line":53,"column":8},"end":{"line":56,"column":9}},{"start":{},"end":{}}],"line":53},"10":{"loc":{"start":{"line":53,"column":12},"end":{"line":53,"column":62}},"type":"binary-expr","locations":[{"start":{"line":53,"column":12},"end":{"line":53,"column":36}},{"start":{"line":53,"column":40},"end":{"line":53,"column":62}}],"line":53},"11":{"loc":{"start":{"line":59,"column":8},"end":{"line":62,"column":9}},"type":"if","locations":[{"start":{"line":59,"column":8},"end":{"line":62,"column":9}},{"start":{},"end":{}}],"line":59},"12":{"loc":{"start":{"line":64,"column":8},"end":{"line":67,"column":9}},"type":"if","locations":[{"start":{"line":64,"column":8},"end":{"line":67,"column":9}},{"start":{},"end":{}}],"line":64},"13":{"loc":{"start":{"line":64,"column":12},"end":{"line":64,"column":72}},"type":"binary-expr","locations":[{"start":{"line":64,"column":12},"end":{"line":64,"column":40}},{"start":{"line":64,"column":44},"end":{"line":64,"column":72}}],"line":64},"14":{"loc":{"start":{"line":71,"column":8},"end":{"line":74,"column":9}},"type":"if","locations":[{"start":{"line":71,"column":8},"end":{"line":74,"column":9}},{"start":{},"end":{}}],"line":71},"15":{"loc":{"start":{"line":71,"column":12},"end":{"line":71,"column":58}},"type":"binary-expr","locations":[{"start":{"line":71,"column":12},"end":{"line":71,"column":34}},{"start":{"line":71,"column":38},"end":{"line":71,"column":58}}],"line":71},"16":{"loc":{"start":{"line":76,"column":8},"end":{"line":79,"column":9}},"type":"if","locations":[{"start":{"line":76,"column":8},"end":{"line":79,"column":9}},{"start":{},"end":{}}],"line":76},"17":{"loc":{"start":{"line":76,"column":12},"end":{"line":76,"column":77}},"type":"binary-expr","locations":[{"start":{"line":76,"column":12},"end":{"line":76,"column":43}},{"start":{"line":76,"column":47},"end":{"line":76,"column":77}}],"line":76}},"s":{"0":2,"1":2,"2":2,"3":2,"4":1,"5":2,"6":12,"7":12,"8":1,"9":1,"10":11,"11":1,"12":1,"13":10,"14":1,"15":1,"16":9,"17":9,"18":1,"19":1,"20":8,"21":1,"22":1,"23":7,"24":1,"25":1,"26":6,"27":1,"28":1,"29":5,"30":5,"31":1,"32":1,"33":4,"34":1,"35":1,"36":3,"37":1,"38":1,"39":2,"40":1,"41":1,"42":1,"43":1,"44":2,"45":1,"46":1,"47":1,"48":2},"f":{"0":2,"1":1,"2":12,"3":1},"b":{"0":[1,11],"1":[12,12],"2":[1,10],"3":[1,9],"4":[1,8],"5":[1,7],"6":[8,8],"7":[1,6],"8":[7,1,1,1,1],"9":[1,5],"10":[6,6],"11":[1,4],"12":[1,3],"13":[4,4],"14":[1,2],"15":[3,3],"16":[1,1],"17":[2,1]},"_coverageSchema":"1a1c01bbd47fc00a2c39e90264f33305004495a9","hash":"36faf724e4f995d84fcfd72a5e345548455b1655"}
,"C:\\Users\\gusta\\Documents\\Desenvolvimento Web\\06 - Metodologias Ágeis\\Tarefa\\controller\\usuario\\router-usuario.js": {"path":"C:\\Users\\gusta\\Documents\\Desenvolvimento Web\\06 - Metodologias Ágeis\\Tarefa\\controller\\usuario\\router-usuario.js","statementMap":{"0":{"start":{"line":1,"column":17},"end":{"line":1,"column":44}},"1":{"start":{"line":3,"column":25},"end":{"line":3,"column":58}},"2":{"start":{"line":5,"column":0},"end":{"line":5,"column":43}},"3":{"start":{"line":6,"column":0},"end":{"line":6,"column":44}},"4":{"start":{"line":7,"column":0},"end":{"line":7,"column":47}},"5":{"start":{"line":9,"column":0},"end":{"line":9,"column":26}}},"fnMap":{},"branchMap":{},"s":{"0":2,"1":2,"2":2,"3":2,"4":2,"5":2},"f":{},"b":{},"_coverageSchema":"1a1c01bbd47fc00a2c39e90264f33305004495a9","hash":"8a661faae742cccb7719362874674667981e074a"}
}
