{"C:\\Users\\gusta\\Documents\\Desenvolvimento Web\\06 - Metodologias Ágeis\\Tarefa\\index.js": {"path":"C:\\Users\\gusta\\Documents\\Desenvolvimento Web\\06 - Metodologias Ágeis\\Tarefa\\index.js","statementMap":{"0":{"start":{"line":1,"column":16},"end":{"line":1,"column":34}},"1":{"start":{"line":2,"column":11},"end":{"line":2,"column":26}},"2":{"start":{"line":4,"column":12},"end":{"line":4,"column":21}},"3":{"start":{"line":5,"column":15},"end":{"line":5,"column":31}},"4":{"start":{"line":7,"column":0},"end":{"line":7,"column":16}},"5":{"start":{"line":8,"column":0},"end":{"line":8,"column":24}},"6":{"start":{"line":9,"column":0},"end":{"line":9,"column":16}},"7":{"start":{"line":11,"column":0},"end":{"line":13,"column":3}},"8":{"start":{"line":12,"column":2},"end":{"line":12,"column":41}},"9":{"start":{"line":15,"column":17},"end":{"line":15,"column":63}},"10":{"start":{"line":16,"column":0},"end":{"line":16,"column":33}},"11":{"start":{"line":19,"column":13},"end":{"line":19,"column":37}},"12":{"start":{"line":20,"column":0},"end":{"line":20,"column":70}},"13":{"start":{"line":20,"column":23},"end":{"line":20,"column":68}},"14":{"start":{"line":22,"column":0},"end":{"line":22,"column":24}}},"fnMap":{"0":{"name":"(anonymous_0)","decl":{"start":{"line":11,"column":31},"end":{"line":11,"column":32}},"loc":{"start":{"line":11,"column":45},"end":{"line":13,"column":1}},"line":11},"1":{"name":"(anonymous_1)","decl":{"start":{"line":20,"column":17},"end":{"line":20,"column":18}},"loc":{"start":{"line":20,"column":23},"end":{"line":20,"column":68}},"line":20}},"branchMap":{"0":{"loc":{"start":{"line":19,"column":13},"end":{"line":19,"column":37}},"type":"binary-expr","locations":[{"start":{"line":19,"column":13},"end":{"line":19,"column":29}},{"start":{"line":19,"column":33},"end":{"line":19,"column":37}}],"line":19}},"s":{"0":1,"1":1,"2":1,"3":1,"4":1,"5":1,"6":1,"7":1,"8":1,"9":1,"10":1,"11":1,"12":1,"13":1,"14":1},"f":{"0":1,"1":1},"b":{"0":[1,1]},"_coverageSchema":"1a1c01bbd47fc00a2c39e90264f33305004495a9","hash":"c8746f5ae88619d82f6a0edbab9d193aeb57eed2"}
,"C:\\Users\\gusta\\Documents\\Desenvolvimento Web\\06 - Metodologias Ágeis\\Tarefa\\controller\\usuario\\controller-usuario.js": {"path":"C:\\Users\\gusta\\Documents\\Desenvolvimento Web\\06 - Metodologias Ágeis\\Tarefa\\controller\\usuario\\controller-usuario.js","statementMap":{"0":{"start":{"line":1,"column":0},"end":{"line":304,"column":1}},"1":{"start":{"line":2,"column":23},"end":{"line":2,"column":25}},"2":{"start":{"line":3,"column":21},"end":{"line":3,"column":23}},"3":{"start":{"line":4,"column":4},"end":{"line":4,"column":11}},"4":{"start":{"line":5,"column":19},"end":{"line":5,"column":36}},"5":{"start":{"line":7,"column":4},"end":{"line":9,"column":6}},"6":{"start":{"line":8,"column":8},"end":{"line":8,"column":39}},"7":{"start":{"line":11,"column":4},"end":{"line":131,"column":6}},"8":{"start":{"line":12,"column":24},"end":{"line":12,"column":32}},"9":{"start":{"line":16,"column":8},"end":{"line":19,"column":9}},"10":{"start":{"line":17,"column":12},"end":{"line":17,"column":65}},"11":{"start":{"line":18,"column":12},"end":{"line":18,"column":19}},"12":{"start":{"line":21,"column":8},"end":{"line":24,"column":9}},"13":{"start":{"line":22,"column":12},"end":{"line":22,"column":87}},"14":{"start":{"line":23,"column":12},"end":{"line":23,"column":19}},"15":{"start":{"line":26,"column":8},"end":{"line":29,"column":9}},"16":{"start":{"line":27,"column":12},"end":{"line":27,"column":84}},"17":{"start":{"line":28,"column":12},"end":{"line":28,"column":19}},"18":{"start":{"line":31,"column":36},"end":{"line":31,"column":84}},"19":{"start":{"line":32,"column":8},"end":{"line":35,"column":9}},"20":{"start":{"line":33,"column":12},"end":{"line":33,"column":87}},"21":{"start":{"line":34,"column":12},"end":{"line":34,"column":19}},"22":{"start":{"line":39,"column":8},"end":{"line":42,"column":9}},"23":{"start":{"line":40,"column":12},"end":{"line":40,"column":66}},"24":{"start":{"line":41,"column":12},"end":{"line":41,"column":19}},"25":{"start":{"line":44,"column":8},"end":{"line":51,"column":9}},"26":{"start":{"line":49,"column":12},"end":{"line":49,"column":120}},"27":{"start":{"line":50,"column":12},"end":{"line":50,"column":19}},"28":{"start":{"line":55,"column":8},"end":{"line":58,"column":9}},"29":{"start":{"line":56,"column":12},"end":{"line":56,"column":79}},"30":{"start":{"line":57,"column":12},"end":{"line":57,"column":19}},"31":{"start":{"line":60,"column":24},"end":{"line":60,"column":31}},"32":{"start":{"line":61,"column":8},"end":{"line":64,"column":9}},"33":{"start":{"line":62,"column":12},"end":{"line":62,"column":92}},"34":{"start":{"line":63,"column":12},"end":{"line":63,"column":19}},"35":{"start":{"line":66,"column":8},"end":{"line":69,"column":9}},"36":{"start":{"line":67,"column":12},"end":{"line":67,"column":93}},"37":{"start":{"line":68,"column":12},"end":{"line":68,"column":19}},"38":{"start":{"line":73,"column":8},"end":{"line":76,"column":9}},"39":{"start":{"line":74,"column":12},"end":{"line":74,"column":71}},"40":{"start":{"line":75,"column":12},"end":{"line":75,"column":19}},"41":{"start":{"line":78,"column":8},"end":{"line":81,"column":9}},"42":{"start":{"line":79,"column":12},"end":{"line":79,"column":108}},"43":{"start":{"line":80,"column":12},"end":{"line":80,"column":19}},"44":{"start":{"line":85,"column":8},"end":{"line":88,"column":9}},"45":{"start":{"line":86,"column":12},"end":{"line":86,"column":70}},"46":{"start":{"line":87,"column":12},"end":{"line":87,"column":19}},"47":{"start":{"line":90,"column":8},"end":{"line":93,"column":9}},"48":{"start":{"line":91,"column":12},"end":{"line":91,"column":85}},"49":{"start":{"line":92,"column":12},"end":{"line":92,"column":19}},"50":{"start":{"line":95,"column":23},"end":{"line":95,"column":28}},"51":{"start":{"line":96,"column":8},"end":{"line":99,"column":9}},"52":{"start":{"line":97,"column":12},"end":{"line":97,"column":73}},"53":{"start":{"line":98,"column":12},"end":{"line":98,"column":19}},"54":{"start":{"line":101,"column":27},"end":{"line":101,"column":34}},"55":{"start":{"line":102,"column":8},"end":{"line":105,"column":9}},"56":{"start":{"line":103,"column":12},"end":{"line":103,"column":90}},"57":{"start":{"line":104,"column":12},"end":{"line":104,"column":19}},"58":{"start":{"line":107,"column":36},"end":{"line":107,"column":96}},"59":{"start":{"line":108,"column":8},"end":{"line":111,"column":9}},"60":{"start":{"line":109,"column":12},"end":{"line":109,"column":95}},"61":{"start":{"line":110,"column":12},"end":{"line":110,"column":19}},"62":{"start":{"line":115,"column":8},"end":{"line":118,"column":9}},"63":{"start":{"line":116,"column":12},"end":{"line":116,"column":67}},"64":{"start":{"line":117,"column":12},"end":{"line":117,"column":19}},"65":{"start":{"line":122,"column":21},"end":{"line":122,"column":56}},"66":{"start":{"line":123,"column":8},"end":{"line":123,"column":29}},"67":{"start":{"line":124,"column":8},"end":{"line":124,"column":36}},"68":{"start":{"line":126,"column":8},"end":{"line":126,"column":13}},"69":{"start":{"line":127,"column":8},"end":{"line":127,"column":24}},"70":{"start":{"line":129,"column":8},"end":{"line":129,"column":30}},"71":{"start":{"line":130,"column":8},"end":{"line":130,"column":38}},"72":{"start":{"line":133,"column":4},"end":{"line":288,"column":5}},"73":{"start":{"line":134,"column":24},"end":{"line":134,"column":32}},"74":{"start":{"line":138,"column":26},"end":{"line":138,"column":102}},"75":{"start":{"line":138,"column":67},"end":{"line":138,"column":101}},"76":{"start":{"line":139,"column":8},"end":{"line":142,"column":9}},"77":{"start":{"line":140,"column":12},"end":{"line":140,"column":69}},"78":{"start":{"line":141,"column":12},"end":{"line":141,"column":19}},"79":{"start":{"line":144,"column":8},"end":{"line":144,"column":47}},"80":{"start":{"line":148,"column":8},"end":{"line":171,"column":9}},"81":{"start":{"line":149,"column":12},"end":{"line":152,"column":13}},"82":{"start":{"line":150,"column":16},"end":{"line":150,"column":69}},"83":{"start":{"line":151,"column":16},"end":{"line":151,"column":23}},"84":{"start":{"line":154,"column":12},"end":{"line":157,"column":13}},"85":{"start":{"line":155,"column":16},"end":{"line":155,"column":91}},"86":{"start":{"line":156,"column":16},"end":{"line":156,"column":23}},"87":{"start":{"line":159,"column":12},"end":{"line":162,"column":13}},"88":{"start":{"line":160,"column":16},"end":{"line":160,"column":88}},"89":{"start":{"line":161,"column":16},"end":{"line":161,"column":23}},"90":{"start":{"line":164,"column":40},"end":{"line":164,"column":88}},"91":{"start":{"line":165,"column":12},"end":{"line":168,"column":13}},"92":{"start":{"line":166,"column":16},"end":{"line":166,"column":91}},"93":{"start":{"line":167,"column":16},"end":{"line":167,"column":23}},"94":{"start":{"line":170,"column":12},"end":{"line":170,"column":52}},"95":{"start":{"line":175,"column":8},"end":{"line":191,"column":9}},"96":{"start":{"line":176,"column":12},"end":{"line":179,"column":13}},"97":{"start":{"line":177,"column":16},"end":{"line":177,"column":70}},"98":{"start":{"line":178,"column":16},"end":{"line":178,"column":23}},"99":{"start":{"line":181,"column":12},"end":{"line":188,"column":13}},"100":{"start":{"line":186,"column":16},"end":{"line":186,"column":124}},"101":{"start":{"line":187,"column":16},"end":{"line":187,"column":23}},"102":{"start":{"line":190,"column":12},"end":{"line":190,"column":54}},"103":{"start":{"line":195,"column":8},"end":{"line":213,"column":9}},"104":{"start":{"line":196,"column":12},"end":{"line":199,"column":13}},"105":{"start":{"line":197,"column":16},"end":{"line":197,"column":83}},"106":{"start":{"line":198,"column":16},"end":{"line":198,"column":23}},"107":{"start":{"line":201,"column":28},"end":{"line":201,"column":35}},"108":{"start":{"line":202,"column":12},"end":{"line":205,"column":13}},"109":{"start":{"line":203,"column":16},"end":{"line":203,"column":96}},"110":{"start":{"line":204,"column":16},"end":{"line":204,"column":23}},"111":{"start":{"line":207,"column":12},"end":{"line":210,"column":13}},"112":{"start":{"line":208,"column":16},"end":{"line":208,"column":97}},"113":{"start":{"line":209,"column":16},"end":{"line":209,"column":23}},"114":{"start":{"line":212,"column":12},"end":{"line":212,"column":60}},"115":{"start":{"line":217,"column":8},"end":{"line":229,"column":9}},"116":{"start":{"line":218,"column":12},"end":{"line":221,"column":13}},"117":{"start":{"line":219,"column":16},"end":{"line":219,"column":75}},"118":{"start":{"line":220,"column":16},"end":{"line":220,"column":23}},"119":{"start":{"line":223,"column":12},"end":{"line":226,"column":13}},"120":{"start":{"line":224,"column":16},"end":{"line":224,"column":112}},"121":{"start":{"line":225,"column":16},"end":{"line":225,"column":23}},"122":{"start":{"line":228,"column":12},"end":{"line":228,"column":56}},"123":{"start":{"line":233,"column":8},"end":{"line":285,"column":9}},"124":{"start":{"line":234,"column":12},"end":{"line":237,"column":13}},"125":{"start":{"line":235,"column":16},"end":{"line":235,"column":74}},"126":{"start":{"line":236,"column":16},"end":{"line":236,"column":23}},"127":{"start":{"line":239,"column":12},"end":{"line":242,"column":13}},"128":{"start":{"line":240,"column":16},"end":{"line":240,"column":70}},"129":{"start":{"line":241,"column":16},"end":{"line":241,"column":23}},"130":{"start":{"line":244,"column":12},"end":{"line":247,"column":13}},"131":{"start":{"line":245,"column":16},"end":{"line":245,"column":74}},"132":{"start":{"line":246,"column":16},"end":{"line":246,"column":23}},"133":{"start":{"line":249,"column":12},"end":{"line":252,"column":13}},"134":{"start":{"line":250,"column":16},"end":{"line":250,"column":89}},"135":{"start":{"line":251,"column":16},"end":{"line":251,"column":23}},"136":{"start":{"line":254,"column":27},"end":{"line":254,"column":32}},"137":{"start":{"line":255,"column":12},"end":{"line":258,"column":13}},"138":{"start":{"line":256,"column":16},"end":{"line":256,"column":77}},"139":{"start":{"line":257,"column":16},"end":{"line":257,"column":23}},"140":{"start":{"line":260,"column":31},"end":{"line":260,"column":38}},"141":{"start":{"line":261,"column":12},"end":{"line":264,"column":13}},"142":{"start":{"line":262,"column":16},"end":{"line":262,"column":94}},"143":{"start":{"line":263,"column":16},"end":{"line":263,"column":23}},"144":{"start":{"line":266,"column":40},"end":{"line":266,"column":100}},"145":{"start":{"line":267,"column":12},"end":{"line":270,"column":13}},"146":{"start":{"line":268,"column":16},"end":{"line":268,"column":99}},"147":{"start":{"line":269,"column":16},"end":{"line":269,"column":23}},"148":{"start":{"line":272,"column":12},"end":{"line":275,"column":13}},"149":{"start":{"line":273,"column":16},"end":{"line":273,"column":71}},"150":{"start":{"line":274,"column":16},"end":{"line":274,"column":23}},"151":{"start":{"line":279,"column":25},"end":{"line":279,"column":60}},"152":{"start":{"line":280,"column":12},"end":{"line":280,"column":33}},"153":{"start":{"line":281,"column":12},"end":{"line":281,"column":40}},"154":{"start":{"line":283,"column":12},"end":{"line":283,"column":54}},"155":{"start":{"line":284,"column":12},"end":{"line":284,"column":68}},"156":{"start":{"line":287,"column":8},"end":{"line":287,"column":50}},"157":{"start":{"line":290,"column":4},"end":{"line":301,"column":6}},"158":{"start":{"line":291,"column":24},"end":{"line":291,"column":32}},"159":{"start":{"line":293,"column":26},"end":{"line":293,"column":102}},"160":{"start":{"line":293,"column":67},"end":{"line":293,"column":101}},"161":{"start":{"line":294,"column":8},"end":{"line":297,"column":9}},"162":{"start":{"line":295,"column":12},"end":{"line":295,"column":69}},"163":{"start":{"line":296,"column":12},"end":{"line":296,"column":19}},"164":{"start":{"line":299,"column":8},"end":{"line":299,"column":38}},"165":{"start":{"line":300,"column":8},"end":{"line":300,"column":30}},"166":{"start":{"line":303,"column":4},"end":{"line":303,"column":22}}},"fnMap":{"0":{"name":"(anonymous_0)","decl":{"start":{"line":1,"column":17},"end":{"line":1,"column":18}},"loc":{"start":{"line":1,"column":23},"end":{"line":304,"column":1}},"line":1},"1":{"name":"(anonymous_1)","decl":{"start":{"line":7,"column":24},"end":{"line":7,"column":25}},"loc":{"start":{"line":7,"column":38},"end":{"line":9,"column":5}},"line":7},"2":{"name":"(anonymous_2)","decl":{"start":{"line":11,"column":24},"end":{"line":11,"column":25}},"loc":{"start":{"line":11,"column":44},"end":{"line":131,"column":5}},"line":11},"3":{"name":"(anonymous_3)","decl":{"start":{"line":133,"column":24},"end":{"line":133,"column":25}},"loc":{"start":{"line":133,"column":44},"end":{"line":288,"column":5}},"line":133},"4":{"name":"(anonymous_4)","decl":{"start":{"line":138,"column":45},"end":{"line":138,"column":46}},"loc":{"start":{"line":138,"column":67},"end":{"line":138,"column":101}},"line":138},"5":{"name":"(anonymous_5)","decl":{"start":{"line":290,"column":25},"end":{"line":290,"column":26}},"loc":{"start":{"line":290,"column":39},"end":{"line":301,"column":5}},"line":290},"6":{"name":"(anonymous_6)","decl":{"start":{"line":293,"column":45},"end":{"line":293,"column":46}},"loc":{"start":{"line":293,"column":67},"end":{"line":293,"column":101}},"line":293}},"branchMap":{"0":{"loc":{"start":{"line":16,"column":8},"end":{"line":19,"column":9}},"type":"if","locations":[{"start":{"line":16,"column":8},"end":{"line":19,"column":9}},{"start":{},"end":{}}],"line":16},"1":{"loc":{"start":{"line":16,"column":12},"end":{"line":16,"column":54}},"type":"binary-expr","locations":[{"start":{"line":16,"column":12},"end":{"line":16,"column":32}},{"start":{"line":16,"column":36},"end":{"line":16,"column":54}}],"line":16},"2":{"loc":{"start":{"line":21,"column":8},"end":{"line":24,"column":9}},"type":"if","locations":[{"start":{"line":21,"column":8},"end":{"line":24,"column":9}},{"start":{},"end":{}}],"line":21},"3":{"loc":{"start":{"line":26,"column":8},"end":{"line":29,"column":9}},"type":"if","locations":[{"start":{"line":26,"column":8},"end":{"line":29,"column":9}},{"start":{},"end":{}}],"line":26},"4":{"loc":{"start":{"line":32,"column":8},"end":{"line":35,"column":9}},"type":"if","locations":[{"start":{"line":32,"column":8},"end":{"line":35,"column":9}},{"start":{},"end":{}}],"line":32},"5":{"loc":{"start":{"line":39,"column":8},"end":{"line":42,"column":9}},"type":"if","locations":[{"start":{"line":39,"column":8},"end":{"line":42,"column":9}},{"start":{},"end":{}}],"line":39},"6":{"loc":{"start":{"line":39,"column":12},"end":{"line":39,"column":56}},"type":"binary-expr","locations":[{"start":{"line":39,"column":12},"end":{"line":39,"column":33}},{"start":{"line":39,"column":37},"end":{"line":39,"column":56}}],"line":39},"7":{"loc":{"start":{"line":44,"column":8},"end":{"line":51,"column":9}},"type":"if","locations":[{"start":{"line":44,"column":8},"end":{"line":51,"column":9}},{"start":{},"end":{}}],"line":44},"8":{"loc":{"start":{"line":44,"column":12},"end":{"line":48,"column":52}},"type":"binary-expr","locations":[{"start":{"line":44,"column":12},"end":{"line":44,"column":49}},{"start":{"line":45,"column":12},"end":{"line":45,"column":51}},{"start":{"line":46,"column":12},"end":{"line":46,"column":51}},{"start":{"line":47,"column":12},"end":{"line":47,"column":49}},{"start":{"line":48,"column":12},"end":{"line":48,"column":52}}],"line":44},"9":{"loc":{"start":{"line":55,"column":8},"end":{"line":58,"column":9}},"type":"if","locations":[{"start":{"line":55,"column":8},"end":{"line":58,"column":9}},{"start":{},"end":{}}],"line":55},"10":{"loc":{"start":{"line":55,"column":12},"end":{"line":55,"column":62}},"type":"binary-expr","locations":[{"start":{"line":55,"column":12},"end":{"line":55,"column":36}},{"start":{"line":55,"column":40},"end":{"line":55,"column":62}}],"line":55},"11":{"loc":{"start":{"line":61,"column":8},"end":{"line":64,"column":9}},"type":"if","locations":[{"start":{"line":61,"column":8},"end":{"line":64,"column":9}},{"start":{},"end":{}}],"line":61},"12":{"loc":{"start":{"line":66,"column":8},"end":{"line":69,"column":9}},"type":"if","locations":[{"start":{"line":66,"column":8},"end":{"line":69,"column":9}},{"start":{},"end":{}}],"line":66},"13":{"loc":{"start":{"line":66,"column":12},"end":{"line":66,"column":72}},"type":"binary-expr","locations":[{"start":{"line":66,"column":12},"end":{"line":66,"column":40}},{"start":{"line":66,"column":44},"end":{"line":66,"column":72}}],"line":66},"14":{"loc":{"start":{"line":73,"column":8},"end":{"line":76,"column":9}},"type":"if","locations":[{"start":{"line":73,"column":8},"end":{"line":76,"column":9}},{"start":{},"end":{}}],"line":73},"15":{"loc":{"start":{"line":73,"column":12},"end":{"line":73,"column":58}},"type":"binary-expr","locations":[{"start":{"line":73,"column":12},"end":{"line":73,"column":34}},{"start":{"line":73,"column":38},"end":{"line":73,"column":58}}],"line":73},"16":{"loc":{"start":{"line":78,"column":8},"end":{"line":81,"column":9}},"type":"if","locations":[{"start":{"line":78,"column":8},"end":{"line":81,"column":9}},{"start":{},"end":{}}],"line":78},"17":{"loc":{"start":{"line":78,"column":12},"end":{"line":78,"column":77}},"type":"binary-expr","locations":[{"start":{"line":78,"column":12},"end":{"line":78,"column":43}},{"start":{"line":78,"column":47},"end":{"line":78,"column":77}}],"line":78},"18":{"loc":{"start":{"line":85,"column":8},"end":{"line":88,"column":9}},"type":"if","locations":[{"start":{"line":85,"column":8},"end":{"line":88,"column":9}},{"start":{},"end":{}}],"line":85},"19":{"loc":{"start":{"line":85,"column":12},"end":{"line":85,"column":56}},"type":"binary-expr","locations":[{"start":{"line":85,"column":12},"end":{"line":85,"column":33}},{"start":{"line":85,"column":37},"end":{"line":85,"column":56}}],"line":85},"20":{"loc":{"start":{"line":90,"column":8},"end":{"line":93,"column":9}},"type":"if","locations":[{"start":{"line":90,"column":8},"end":{"line":93,"column":9}},{"start":{},"end":{}}],"line":90},"21":{"loc":{"start":{"line":96,"column":8},"end":{"line":99,"column":9}},"type":"if","locations":[{"start":{"line":96,"column":8},"end":{"line":99,"column":9}},{"start":{},"end":{}}],"line":96},"22":{"loc":{"start":{"line":102,"column":8},"end":{"line":105,"column":9}},"type":"if","locations":[{"start":{"line":102,"column":8},"end":{"line":105,"column":9}},{"start":{},"end":{}}],"line":102},"23":{"loc":{"start":{"line":108,"column":8},"end":{"line":111,"column":9}},"type":"if","locations":[{"start":{"line":108,"column":8},"end":{"line":111,"column":9}},{"start":{},"end":{}}],"line":108},"24":{"loc":{"start":{"line":108,"column":12},"end":{"line":108,"column":66}},"type":"binary-expr","locations":[{"start":{"line":108,"column":12},"end":{"line":108,"column":32}},{"start":{"line":108,"column":36},"end":{"line":108,"column":66}}],"line":108},"25":{"loc":{"start":{"line":115,"column":8},"end":{"line":118,"column":9}},"type":"if","locations":[{"start":{"line":115,"column":8},"end":{"line":118,"column":9}},{"start":{},"end":{}}],"line":115},"26":{"loc":{"start":{"line":139,"column":8},"end":{"line":142,"column":9}},"type":"if","locations":[{"start":{"line":139,"column":8},"end":{"line":142,"column":9}},{"start":{},"end":{}}],"line":139},"27":{"loc":{"start":{"line":148,"column":8},"end":{"line":171,"column":9}},"type":"if","locations":[{"start":{"line":148,"column":8},"end":{"line":171,"column":9}},{"start":{},"end":{}}],"line":148},"28":{"loc":{"start":{"line":149,"column":12},"end":{"line":152,"column":13}},"type":"if","locations":[{"start":{"line":149,"column":12},"end":{"line":152,"column":13}},{"start":{},"end":{}}],"line":149},"29":{"loc":{"start":{"line":149,"column":16},"end":{"line":149,"column":58}},"type":"binary-expr","locations":[{"start":{"line":149,"column":16},"end":{"line":149,"column":36}},{"start":{"line":149,"column":40},"end":{"line":149,"column":58}}],"line":149},"30":{"loc":{"start":{"line":154,"column":12},"end":{"line":157,"column":13}},"type":"if","locations":[{"start":{"line":154,"column":12},"end":{"line":157,"column":13}},{"start":{},"end":{}}],"line":154},"31":{"loc":{"start":{"line":159,"column":12},"end":{"line":162,"column":13}},"type":"if","locations":[{"start":{"line":159,"column":12},"end":{"line":162,"column":13}},{"start":{},"end":{}}],"line":159},"32":{"loc":{"start":{"line":165,"column":12},"end":{"line":168,"column":13}},"type":"if","locations":[{"start":{"line":165,"column":12},"end":{"line":168,"column":13}},{"start":{},"end":{}}],"line":165},"33":{"loc":{"start":{"line":175,"column":8},"end":{"line":191,"column":9}},"type":"if","locations":[{"start":{"line":175,"column":8},"end":{"line":191,"column":9}},{"start":{},"end":{}}],"line":175},"34":{"loc":{"start":{"line":176,"column":12},"end":{"line":179,"column":13}},"type":"if","locations":[{"start":{"line":176,"column":12},"end":{"line":179,"column":13}},{"start":{},"end":{}}],"line":176},"35":{"loc":{"start":{"line":176,"column":16},"end":{"line":176,"column":60}},"type":"binary-expr","locations":[{"start":{"line":176,"column":16},"end":{"line":176,"column":37}},{"start":{"line":176,"column":41},"end":{"line":176,"column":60}}],"line":176},"36":{"loc":{"start":{"line":181,"column":12},"end":{"line":188,"column":13}},"type":"if","locations":[{"start":{"line":181,"column":12},"end":{"line":188,"column":13}},{"start":{},"end":{}}],"line":181},"37":{"loc":{"start":{"line":181,"column":16},"end":{"line":185,"column":56}},"type":"binary-expr","locations":[{"start":{"line":181,"column":16},"end":{"line":181,"column":53}},{"start":{"line":182,"column":16},"end":{"line":182,"column":55}},{"start":{"line":183,"column":16},"end":{"line":183,"column":55}},{"start":{"line":184,"column":16},"end":{"line":184,"column":53}},{"start":{"line":185,"column":16},"end":{"line":185,"column":56}}],"line":181},"38":{"loc":{"start":{"line":195,"column":8},"end":{"line":213,"column":9}},"type":"if","locations":[{"start":{"line":195,"column":8},"end":{"line":213,"column":9}},{"start":{},"end":{}}],"line":195},"39":{"loc":{"start":{"line":196,"column":12},"end":{"line":199,"column":13}},"type":"if","locations":[{"start":{"line":196,"column":12},"end":{"line":199,"column":13}},{"start":{},"end":{}}],"line":196},"40":{"loc":{"start":{"line":196,"column":16},"end":{"line":196,"column":66}},"type":"binary-expr","locations":[{"start":{"line":196,"column":16},"end":{"line":196,"column":40}},{"start":{"line":196,"column":44},"end":{"line":196,"column":66}}],"line":196},"41":{"loc":{"start":{"line":202,"column":12},"end":{"line":205,"column":13}},"type":"if","locations":[{"start":{"line":202,"column":12},"end":{"line":205,"column":13}},{"start":{},"end":{}}],"line":202},"42":{"loc":{"start":{"line":207,"column":12},"end":{"line":210,"column":13}},"type":"if","locations":[{"start":{"line":207,"column":12},"end":{"line":210,"column":13}},{"start":{},"end":{}}],"line":207},"43":{"loc":{"start":{"line":207,"column":16},"end":{"line":207,"column":76}},"type":"binary-expr","locations":[{"start":{"line":207,"column":16},"end":{"line":207,"column":44}},{"start":{"line":207,"column":48},"end":{"line":207,"column":76}}],"line":207},"44":{"loc":{"start":{"line":217,"column":8},"end":{"line":229,"column":9}},"type":"if","locations":[{"start":{"line":217,"column":8},"end":{"line":229,"column":9}},{"start":{},"end":{}}],"line":217},"45":{"loc":{"start":{"line":218,"column":12},"end":{"line":221,"column":13}},"type":"if","locations":[{"start":{"line":218,"column":12},"end":{"line":221,"column":13}},{"start":{},"end":{}}],"line":218},"46":{"loc":{"start":{"line":218,"column":16},"end":{"line":218,"column":62}},"type":"binary-expr","locations":[{"start":{"line":218,"column":16},"end":{"line":218,"column":38}},{"start":{"line":218,"column":42},"end":{"line":218,"column":62}}],"line":218},"47":{"loc":{"start":{"line":223,"column":12},"end":{"line":226,"column":13}},"type":"if","locations":[{"start":{"line":223,"column":12},"end":{"line":226,"column":13}},{"start":{},"end":{}}],"line":223},"48":{"loc":{"start":{"line":223,"column":16},"end":{"line":223,"column":81}},"type":"binary-expr","locations":[{"start":{"line":223,"column":16},"end":{"line":223,"column":47}},{"start":{"line":223,"column":51},"end":{"line":223,"column":81}}],"line":223},"49":{"loc":{"start":{"line":233,"column":8},"end":{"line":285,"column":9}},"type":"if","locations":[{"start":{"line":233,"column":8},"end":{"line":285,"column":9}},{"start":{},"end":{}}],"line":233},"50":{"loc":{"start":{"line":234,"column":12},"end":{"line":237,"column":13}},"type":"if","locations":[{"start":{"line":234,"column":12},"end":{"line":237,"column":13}},{"start":{},"end":{}}],"line":234},"51":{"loc":{"start":{"line":234,"column":16},"end":{"line":234,"column":60}},"type":"binary-expr","locations":[{"start":{"line":234,"column":16},"end":{"line":234,"column":37}},{"start":{"line":234,"column":41},"end":{"line":234,"column":60}}],"line":234},"52":{"loc":{"start":{"line":239,"column":12},"end":{"line":242,"column":13}},"type":"if","locations":[{"start":{"line":239,"column":12},"end":{"line":242,"column":13}},{"start":{},"end":{}}],"line":239},"53":{"loc":{"start":{"line":239,"column":16},"end":{"line":239,"column":70}},"type":"binary-expr","locations":[{"start":{"line":239,"column":16},"end":{"line":239,"column":42}},{"start":{"line":239,"column":46},"end":{"line":239,"column":70}}],"line":239},"54":{"loc":{"start":{"line":244,"column":12},"end":{"line":247,"column":13}},"type":"if","locations":[{"start":{"line":244,"column":12},"end":{"line":247,"column":13}},{"start":{},"end":{}}],"line":244},"55":{"loc":{"start":{"line":249,"column":12},"end":{"line":252,"column":13}},"type":"if","locations":[{"start":{"line":249,"column":12},"end":{"line":252,"column":13}},{"start":{},"end":{}}],"line":249},"56":{"loc":{"start":{"line":255,"column":12},"end":{"line":258,"column":13}},"type":"if","locations":[{"start":{"line":255,"column":12},"end":{"line":258,"column":13}},{"start":{},"end":{}}],"line":255},"57":{"loc":{"start":{"line":261,"column":12},"end":{"line":264,"column":13}},"type":"if","locations":[{"start":{"line":261,"column":12},"end":{"line":264,"column":13}},{"start":{},"end":{}}],"line":261},"58":{"loc":{"start":{"line":267,"column":12},"end":{"line":270,"column":13}},"type":"if","locations":[{"start":{"line":267,"column":12},"end":{"line":270,"column":13}},{"start":{},"end":{}}],"line":267},"59":{"loc":{"start":{"line":267,"column":16},"end":{"line":267,"column":70}},"type":"binary-expr","locations":[{"start":{"line":267,"column":16},"end":{"line":267,"column":36}},{"start":{"line":267,"column":40},"end":{"line":267,"column":70}}],"line":267},"60":{"loc":{"start":{"line":272,"column":12},"end":{"line":275,"column":13}},"type":"if","locations":[{"start":{"line":272,"column":12},"end":{"line":275,"column":13}},{"start":{},"end":{}}],"line":272},"61":{"loc":{"start":{"line":294,"column":8},"end":{"line":297,"column":9}},"type":"if","locations":[{"start":{"line":294,"column":8},"end":{"line":297,"column":9}},{"start":{},"end":{}}],"line":294}},"s":{"0":2,"1":2,"2":2,"3":2,"4":2,"5":2,"6":1,"7":2,"8":18,"9":18,"10":1,"11":1,"12":17,"13":1,"14":1,"15":16,"16":1,"17":1,"18":15,"19":15,"20":1,"21":1,"22":14,"23":1,"24":1,"25":13,"26":1,"27":1,"28":12,"29":1,"30":1,"31":11,"32":11,"33":1,"34":1,"35":10,"36":1,"37":1,"38":9,"39":1,"40":1,"41":8,"42":1,"43":1,"44":7,"45":1,"46":1,"47":6,"48":1,"49":1,"50":5,"51":5,"52":1,"53":1,"54":4,"55":4,"56":1,"57":1,"58":3,"59":3,"60":1,"61":1,"62":2,"63":1,"64":1,"65":1,"66":1,"67":1,"68":1,"69":1,"70":1,"71":1,"72":2,"73":22,"74":22,"75":22,"76":22,"77":1,"78":1,"79":21,"80":21,"81":5,"82":1,"83":1,"84":4,"85":1,"86":1,"87":3,"88":1,"89":1,"90":2,"91":2,"92":1,"93":1,"94":1,"95":17,"96":3,"97":1,"98":1,"99":2,"100":1,"101":1,"102":1,"103":15,"104":4,"105":1,"106":1,"107":3,"108":3,"109":1,"110":1,"111":2,"112":1,"113":1,"114":1,"115":12,"116":3,"117":1,"118":1,"119":2,"120":1,"121":1,"122":1,"123":10,"124":9,"125":1,"126":1,"127":8,"128":1,"129":1,"130":7,"131":1,"132":1,"133":6,"134":1,"135":1,"136":5,"137":5,"138":1,"139":1,"140":4,"141":4,"142":1,"143":1,"144":3,"145":3,"146":1,"147":1,"148":2,"149":1,"150":1,"151":1,"152":1,"153":1,"154":1,"155":1,"156":2,"157":2,"158":2,"159":2,"160":1,"161":2,"162":1,"163":1,"164":1,"165":1,"166":2},"f":{"0":2,"1":1,"2":18,"3":22,"4":22,"5":2,"6":1},"b":{"0":[1,17],"1":[18,18],"2":[1,16],"3":[1,15],"4":[1,14],"5":[1,13],"6":[14,14],"7":[1,12],"8":[13,1,1,1,1],"9":[1,11],"10":[12,12],"11":[1,10],"12":[1,9],"13":[10,10],"14":[1,8],"15":[9,9],"16":[1,7],"17":[8,1],"18":[1,6],"19":[7,7],"20":[1,5],"21":[1,4],"22":[1,3],"23":[1,2],"24":[3,3],"25":[1,1],"26":[1,21],"27":[5,16],"28":[1,4],"29":[5,5],"30":[1,3],"31":[1,2],"32":[1,1],"33":[3,14],"34":[1,2],"35":[3,3],"36":[1,1],"37":[2,2,1,1,1],"38":[4,11],"39":[1,3],"40":[4,4],"41":[1,2],"42":[1,1],"43":[2,2],"44":[3,9],"45":[1,2],"46":[3,3],"47":[1,1],"48":[2,2],"49":[9,1],"50":[1,8],"51":[9,9],"52":[1,7],"53":[8,7],"54":[1,6],"55":[1,5],"56":[1,4],"57":[1,3],"58":[1,2],"59":[3,3],"60":[1,1],"61":[1,1]},"_coverageSchema":"1a1c01bbd47fc00a2c39e90264f33305004495a9","hash":"c0e93577d222dfa038086c9c227afe41849f143e"}
,"C:\\Users\\gusta\\Documents\\Desenvolvimento Web\\06 - Metodologias Ágeis\\Tarefa\\controller\\usuario\\router-usuario.js": {"path":"C:\\Users\\gusta\\Documents\\Desenvolvimento Web\\06 - Metodologias Ágeis\\Tarefa\\controller\\usuario\\router-usuario.js","statementMap":{"0":{"start":{"line":1,"column":17},"end":{"line":1,"column":44}},"1":{"start":{"line":3,"column":25},"end":{"line":3,"column":58}},"2":{"start":{"line":5,"column":0},"end":{"line":5,"column":43}},"3":{"start":{"line":6,"column":0},"end":{"line":6,"column":44}},"4":{"start":{"line":7,"column":0},"end":{"line":7,"column":47}},"5":{"start":{"line":8,"column":0},"end":{"line":8,"column":45}},"6":{"start":{"line":10,"column":0},"end":{"line":10,"column":26}}},"fnMap":{},"branchMap":{},"s":{"0":2,"1":2,"2":2,"3":2,"4":2,"5":2,"6":2},"f":{},"b":{},"_coverageSchema":"1a1c01bbd47fc00a2c39e90264f33305004495a9","hash":"5fa8ce2ae19797adcc9a50662b079b39f4bec9d6"}
}
