TN:
SF:index.js
FN:11,(anonymous_0)
FN:23,(anonymous_1)
FNF:2
FNH:2
FNDA:1,(anonymous_0)
FNDA:1,(anonymous_1)
DA:1,1
DA:2,1
DA:4,1
DA:5,1
DA:7,1
DA:8,1
DA:9,1
DA:11,1
DA:12,1
DA:15,1
DA:16,1
DA:18,1
DA:19,1
DA:22,1
DA:23,1
DA:25,1
LF:16
LH:16
BRDA:22,0,0,1
BRDA:22,0,1,1
BRF:2
BRH:2
end_of_record
TN:
SF:controller\procedimento\controller-procedimento.js
FN:1,(anonymous_0)
FN:6,(anonymous_1)
FN:10,(anonymous_2)
FN:94,(anonymous_3)
FN:96,(anonymous_4)
FN:189,(anonymous_5)
FN:191,(anonymous_6)
FNF:7
FNH:7
FNDA:2,(anonymous_0)
FNDA:2,(anonymous_1)
FNDA:15,(anonymous_2)
FNDA:15,(anonymous_3)
FNDA:16,(anonymous_4)
FNDA:2,(anonymous_5)
FNDA:5,(anonymous_6)
DA:1,2
DA:2,2
DA:3,2
DA:4,2
DA:6,2
DA:7,2
DA:10,2
DA:11,15
DA:14,15
DA:15,1
DA:16,1
DA:19,14
DA:20,1
DA:21,1
DA:25,13
DA:26,1
DA:27,1
DA:30,12
DA:31,12
DA:32,12
DA:33,1
DA:34,1
DA:39,11
DA:40,1
DA:41,1
DA:44,10
DA:45,10
DA:46,1
DA:47,1
DA:50,9
DA:51,9
DA:52,1
DA:53,1
DA:56,8
DA:57,1
DA:58,1
DA:61,7
DA:62,1
DA:63,1
DA:67,6
DA:68,1
DA:69,1
DA:72,5
DA:73,1
DA:74,1
DA:78,4
DA:79,1
DA:80,1
DA:83,3
DA:84,1
DA:87,3
DA:88,3
DA:90,3
DA:91,3
DA:94,2
DA:95,15
DA:96,16
DA:98,15
DA:99,1
DA:100,1
DA:103,14
DA:105,14
DA:106,1
DA:107,1
DA:110,13
DA:111,1
DA:112,1
DA:115,12
DA:116,11
DA:117,11
DA:118,11
DA:119,1
DA:120,1
DA:125,11
DA:126,1
DA:127,1
DA:130,10
DA:131,9
DA:132,9
DA:133,1
DA:134,1
DA:137,8
DA:138,8
DA:139,1
DA:140,1
DA:143,7
DA:144,1
DA:145,1
DA:148,6
DA:149,1
DA:150,1
DA:154,6
DA:155,1
DA:156,1
DA:159,5
DA:160,4
DA:161,1
DA:162,1
DA:165,3
DA:166,1
DA:167,1
DA:171,3
DA:172,1
DA:173,1
DA:176,2
DA:177,0
DA:178,0
DA:181,2
DA:182,2
DA:185,2
DA:186,2
DA:189,2
DA:190,2
DA:191,5
DA:193,2
DA:194,1
DA:195,1
DA:198,1
DA:199,1
DA:202,2
LF:120
LH:118
BRDA:14,0,0,1
BRDA:14,0,1,14
BRDA:19,1,0,1
BRDA:19,1,1,13
BRDA:25,2,0,1
BRDA:25,2,1,12
BRDA:32,3,0,1
BRDA:32,3,1,11
BRDA:39,4,0,1
BRDA:39,4,1,10
BRDA:45,5,0,1
BRDA:45,5,1,9
BRDA:51,6,0,1
BRDA:51,6,1,8
BRDA:51,7,0,9
BRDA:51,7,1,2
BRDA:56,8,0,1
BRDA:56,8,1,7
BRDA:56,9,0,8
BRDA:56,9,1,1
BRDA:61,10,0,1
BRDA:61,10,1,6
BRDA:61,11,0,7
BRDA:61,11,1,1
BRDA:67,12,0,1
BRDA:67,12,1,5
BRDA:72,13,0,1
BRDA:72,13,1,4
BRDA:72,14,0,5
BRDA:72,14,1,2
BRDA:78,15,0,1
BRDA:78,15,1,3
BRDA:78,16,0,4
BRDA:78,16,1,3
BRDA:83,17,0,1
BRDA:83,17,1,2
BRDA:98,18,0,1
BRDA:98,18,1,14
BRDA:105,19,0,1
BRDA:105,19,1,13
BRDA:105,20,0,14
BRDA:105,20,1,13
BRDA:110,21,0,1
BRDA:110,21,1,12
BRDA:115,22,0,11
BRDA:115,22,1,1
BRDA:118,23,0,1
BRDA:118,23,1,10
BRDA:125,24,0,1
BRDA:125,24,1,10
BRDA:130,25,0,9
BRDA:130,25,1,1
BRDA:132,26,0,1
BRDA:132,26,1,8
BRDA:138,27,0,1
BRDA:138,27,1,7
BRDA:138,28,0,8
BRDA:138,28,1,3
BRDA:143,29,0,1
BRDA:143,29,1,6
BRDA:143,30,0,7
BRDA:143,30,1,2
BRDA:148,31,0,1
BRDA:148,31,1,5
BRDA:148,32,0,6
BRDA:148,32,1,1
BRDA:154,33,0,1
BRDA:154,33,1,5
BRDA:159,34,0,4
BRDA:159,34,1,1
BRDA:160,35,0,1
BRDA:160,35,1,3
BRDA:160,36,0,4
BRDA:160,36,1,3
BRDA:165,37,0,1
BRDA:165,37,1,2
BRDA:165,38,0,3
BRDA:165,38,1,1
BRDA:171,39,0,1
BRDA:171,39,1,2
BRDA:176,40,0,0
BRDA:176,40,1,2
BRDA:176,41,0,2
BRDA:176,41,1,0
BRDA:181,42,0,2
BRDA:181,42,1,0
BRDA:193,43,0,1
BRDA:193,43,1,1
BRF:88
BRH:85
end_of_record
TN:
SF:controller\procedimento\router-procedimento.js
FNF:0
FNH:0
DA:1,2
DA:3,2
DA:5,2
DA:6,2
DA:7,2
DA:8,2
DA:10,2
LF:7
LH:7
BRF:0
BRH:0
end_of_record
TN:
SF:controller\usuario\controller-usuario.js
FN:1,(anonymous_0)
FN:7,(anonymous_1)
FN:11,(anonymous_2)
FN:133,(anonymous_3)
FN:138,(anonymous_4)
FN:290,(anonymous_5)
FN:293,(anonymous_6)
FNF:7
FNH:7
FNDA:2,(anonymous_0)
FNDA:1,(anonymous_1)
FNDA:18,(anonymous_2)
FNDA:22,(anonymous_3)
FNDA:22,(anonymous_4)
FNDA:2,(anonymous_5)
FNDA:1,(anonymous_6)
DA:1,2
DA:2,2
DA:3,2
DA:4,2
DA:5,2
DA:7,2
DA:8,1
DA:11,2
DA:12,18
DA:16,18
DA:17,1
DA:18,1
DA:21,17
DA:22,1
DA:23,1
DA:26,16
DA:27,1
DA:28,1
DA:31,15
DA:32,15
DA:33,1
DA:34,1
DA:39,14
DA:40,1
DA:41,1
DA:44,13
DA:49,1
DA:50,1
DA:55,12
DA:56,1
DA:57,1
DA:60,11
DA:61,11
DA:62,1
DA:63,1
DA:66,10
DA:67,1
DA:68,1
DA:73,9
DA:74,1
DA:75,1
DA:78,8
DA:79,1
DA:80,1
DA:85,7
DA:86,1
DA:87,1
DA:90,6
DA:91,1
DA:92,1
DA:95,5
DA:96,5
DA:97,1
DA:98,1
DA:101,4
DA:102,4
DA:103,1
DA:104,1
DA:107,3
DA:108,3
DA:109,1
DA:110,1
DA:115,2
DA:116,1
DA:117,1
DA:122,1
DA:123,1
DA:124,1
DA:126,1
DA:127,1
DA:129,1
DA:130,1
DA:133,2
DA:134,22
DA:138,22
DA:139,22
DA:140,1
DA:141,1
DA:144,21
DA:148,21
DA:149,5
DA:150,1
DA:151,1
DA:154,4
DA:155,1
DA:156,1
DA:159,3
DA:160,1
DA:161,1
DA:164,2
DA:165,2
DA:166,1
DA:167,1
DA:170,1
DA:175,17
DA:176,3
DA:177,1
DA:178,1
DA:181,2
DA:186,1
DA:187,1
DA:190,1
DA:195,15
DA:196,4
DA:197,1
DA:198,1
DA:201,3
DA:202,3
DA:203,1
DA:204,1
DA:207,2
DA:208,1
DA:209,1
DA:212,1
DA:217,12
DA:218,3
DA:219,1
DA:220,1
DA:223,2
DA:224,1
DA:225,1
DA:228,1
DA:233,10
DA:234,9
DA:235,1
DA:236,1
DA:239,8
DA:240,1
DA:241,1
DA:244,7
DA:245,1
DA:246,1
DA:249,6
DA:250,1
DA:251,1
DA:254,5
DA:255,5
DA:256,1
DA:257,1
DA:260,4
DA:261,4
DA:262,1
DA:263,1
DA:266,3
DA:267,3
DA:268,1
DA:269,1
DA:272,2
DA:273,1
DA:274,1
DA:279,1
DA:280,1
DA:281,1
DA:283,1
DA:284,1
DA:287,2
DA:290,2
DA:291,2
DA:293,2
DA:294,2
DA:295,1
DA:296,1
DA:299,1
DA:300,1
DA:303,2
LF:165
LH:165
BRDA:16,0,0,1
BRDA:16,0,1,17
BRDA:16,1,0,18
BRDA:16,1,1,18
BRDA:21,2,0,1
BRDA:21,2,1,16
BRDA:26,3,0,1
BRDA:26,3,1,15
BRDA:32,4,0,1
BRDA:32,4,1,14
BRDA:39,5,0,1
BRDA:39,5,1,13
BRDA:39,6,0,14
BRDA:39,6,1,14
BRDA:44,7,0,1
BRDA:44,7,1,12
BRDA:44,8,0,13
BRDA:44,8,1,1
BRDA:44,8,2,1
BRDA:44,8,3,1
BRDA:44,8,4,1
BRDA:55,9,0,1
BRDA:55,9,1,11
BRDA:55,10,0,12
BRDA:55,10,1,12
BRDA:61,11,0,1
BRDA:61,11,1,10
BRDA:66,12,0,1
BRDA:66,12,1,9
BRDA:66,13,0,10
BRDA:66,13,1,10
BRDA:73,14,0,1
BRDA:73,14,1,8
BRDA:73,15,0,9
BRDA:73,15,1,9
BRDA:78,16,0,1
BRDA:78,16,1,7
BRDA:78,17,0,8
BRDA:78,17,1,1
BRDA:85,18,0,1
BRDA:85,18,1,6
BRDA:85,19,0,7
BRDA:85,19,1,7
BRDA:90,20,0,1
BRDA:90,20,1,5
BRDA:96,21,0,1
BRDA:96,21,1,4
BRDA:102,22,0,1
BRDA:102,22,1,3
BRDA:108,23,0,1
BRDA:108,23,1,2
BRDA:108,24,0,3
BRDA:108,24,1,3
BRDA:115,25,0,1
BRDA:115,25,1,1
BRDA:139,26,0,1
BRDA:139,26,1,21
BRDA:148,27,0,5
BRDA:148,27,1,16
BRDA:149,28,0,1
BRDA:149,28,1,4
BRDA:149,29,0,5
BRDA:149,29,1,5
BRDA:154,30,0,1
BRDA:154,30,1,3
BRDA:159,31,0,1
BRDA:159,31,1,2
BRDA:165,32,0,1
BRDA:165,32,1,1
BRDA:175,33,0,3
BRDA:175,33,1,14
BRDA:176,34,0,1
BRDA:176,34,1,2
BRDA:176,35,0,3
BRDA:176,35,1,3
BRDA:181,36,0,1
BRDA:181,36,1,1
BRDA:181,37,0,2
BRDA:181,37,1,2
BRDA:181,37,2,1
BRDA:181,37,3,1
BRDA:181,37,4,1
BRDA:195,38,0,4
BRDA:195,38,1,11
BRDA:196,39,0,1
BRDA:196,39,1,3
BRDA:196,40,0,4
BRDA:196,40,1,4
BRDA:202,41,0,1
BRDA:202,41,1,2
BRDA:207,42,0,1
BRDA:207,42,1,1
BRDA:207,43,0,2
BRDA:207,43,1,2
BRDA:217,44,0,3
BRDA:217,44,1,9
BRDA:218,45,0,1
BRDA:218,45,1,2
BRDA:218,46,0,3
BRDA:218,46,1,3
BRDA:223,47,0,1
BRDA:223,47,1,1
BRDA:223,48,0,2
BRDA:223,48,1,2
BRDA:233,49,0,9
BRDA:233,49,1,1
BRDA:234,50,0,1
BRDA:234,50,1,8
BRDA:234,51,0,9
BRDA:234,51,1,9
BRDA:239,52,0,1
BRDA:239,52,1,7
BRDA:239,53,0,8
BRDA:239,53,1,7
BRDA:244,54,0,1
BRDA:244,54,1,6
BRDA:249,55,0,1
BRDA:249,55,1,5
BRDA:255,56,0,1
BRDA:255,56,1,4
BRDA:261,57,0,1
BRDA:261,57,1,3
BRDA:267,58,0,1
BRDA:267,58,1,2
BRDA:267,59,0,3
BRDA:267,59,1,3
BRDA:272,60,0,1
BRDA:272,60,1,1
BRDA:294,61,0,1
BRDA:294,61,1,1
BRF:130
BRH:130
end_of_record
TN:
SF:controller\usuario\router-usuario.js
FNF:0
FNH:0
DA:1,2
DA:3,2
DA:5,2
DA:6,2
DA:7,2
DA:8,2
DA:10,2
LF:7
LH:7
BRF:0
BRH:0
end_of_record
