TN:
SF:index.js
FN:11,(anonymous_0)
FN:20,(anonymous_1)
FNF:2
FNH:2
FNDA:1,(anonymous_0)
FNDA:1,(anonymous_1)
DA:1,1
DA:2,1
DA:4,1
DA:5,1
DA:7,1
DA:8,1
DA:9,1
DA:11,1
DA:12,1
DA:15,1
DA:16,1
DA:19,1
DA:20,1
DA:22,1
LF:14
LH:14
BRDA:19,0,0,1
BRDA:19,0,1,1
BRF:2
BRH:2
end_of_record
TN:
SF:controller\usuario\controller-usuario.js
FN:1,(anonymous_0)
FN:5,(anonymous_1)
FN:9,(anonymous_2)
FN:85,(anonymous_3)
FNF:4
FNH:4
FNDA:2,(anonymous_0)
FNDA:1,(anonymous_1)
FNDA:12,(anonymous_2)
FNDA:1,(anonymous_3)
DA:1,2
DA:2,2
DA:3,2
DA:5,2
DA:6,1
DA:9,2
DA:10,12
DA:14,12
DA:15,1
DA:16,1
DA:19,11
DA:20,1
DA:21,1
DA:24,10
DA:25,1
DA:26,1
DA:29,9
DA:30,9
DA:31,1
DA:32,1
DA:37,8
DA:38,1
DA:39,1
DA:42,7
DA:47,1
DA:48,1
DA:53,6
DA:54,1
DA:55,1
DA:58,5
DA:59,5
DA:60,1
DA:61,1
DA:64,4
DA:65,1
DA:66,1
DA:71,3
DA:72,1
DA:73,1
DA:76,2
DA:77,1
DA:78,1
DA:81,1
DA:82,1
DA:85,2
DA:86,1
DA:87,1
DA:88,1
DA:91,2
LF:49
LH:49
BRDA:14,0,0,1
BRDA:14,0,1,11
BRDA:14,1,0,12
BRDA:14,1,1,12
BRDA:19,2,0,1
BRDA:19,2,1,10
BRDA:24,3,0,1
BRDA:24,3,1,9
BRDA:30,4,0,1
BRDA:30,4,1,8
BRDA:37,5,0,1
BRDA:37,5,1,7
BRDA:37,6,0,8
BRDA:37,6,1,8
BRDA:42,7,0,1
BRDA:42,7,1,6
BRDA:42,8,0,7
BRDA:42,8,1,1
BRDA:42,8,2,1
BRDA:42,8,3,1
BRDA:42,8,4,1
BRDA:53,9,0,1
BRDA:53,9,1,5
BRDA:53,10,0,6
BRDA:53,10,1,6
BRDA:59,11,0,1
BRDA:59,11,1,4
BRDA:64,12,0,1
BRDA:64,12,1,3
BRDA:64,13,0,4
BRDA:64,13,1,4
BRDA:71,14,0,1
BRDA:71,14,1,2
BRDA:71,15,0,3
BRDA:71,15,1,3
BRDA:76,16,0,1
BRDA:76,16,1,1
BRDA:76,17,0,2
BRDA:76,17,1,1
BRF:39
BRH:39
end_of_record
TN:
SF:controller\usuario\router-usuario.js
FNF:0
FNH:0
DA:1,2
DA:3,2
DA:5,2
DA:6,2
DA:7,2
DA:9,2
LF:6
LH:6
BRF:0
BRH:0
end_of_record
